<?xml version="1.0" encoding="UTF-8"?>
<!-- Generated by org.testng.reporters.JUnitReportReporter -->
<testsuite hostname="Jeeva-R" failures="0" tests="1" name="pom.xtra" time="85.419" errors="0" timestamp="2023-02-01T17:20:03 IST" skipped="0">
  <testcase classname="pom.xtra" name="CARDIOVASCULAR_TEST" time="85.419"/>
</testsuite> <!-- pom.xtra -->
